<?xml version="1.0" encoding="UTF-8"?>
<testsuite xmlns:xsi="http://www.w3.org/2001/XMLSchema-instance" xsi:noNamespaceSchemaLocation="https://maven.apache.org/surefire/maven-surefire-plugin/xsd/surefire-test-report-3.0.xsd" version="3.0" name="TestSuite" time="45.826" tests="5" errors="0" skipped="0" failures="0">
  <properties>
[...]
</properties>
  <testcase name="ValidateTitleTest" classname="Qaclickacademy_test.ValidateTitleTest" time="0.045"/>
  <testcase name="HomePage" classname="Qaclickacademy_test.HomePage" time="5.176"/>
  <testcase name="HomePage" classname="Qaclickacademy_test.HomePage" time="3.888"/>
  <testcase name="HomePage" classname="Qaclickacademy_test.HomePage" time="4.449"/>
  <testcase name="ValidateTest" classname="Qaclickacademy_test.ValidateTest" time="0.216"/>
</testsuite>