<?xml version="1.0" encoding="UTF-8"?>
<!-- Generated by org.testng.reporters.JUnitXMLReporter -->
<testsuite hostname="DESKTOP-5QEKCKI" ignored="1" name="Test" tests="3" failures="0" timestamp="2020-01-18T13:25:12 EST" time="28.635" errors="0">
  <testcase name="UsernameAndPasswordTest" time="3.713" classname="Facebook.Login"/>
  <testcase name="verifyTest" time="0.025" classname="Facebook.Login"/>
  <testcase name="verifyImagetest" time="0.077" classname="Facebook.Login"/>
  <testcase name="verrifyErrorTest" time="0.0" classname="Facebook.Login">
    <ignored/>
  </testcase> <!-- verrifyErrorTest -->
</testsuite> <!-- Test -->
