<?xml version="1.0" encoding="UTF-8"?>
<!-- Generated by org.testng.reporters.JUnitXMLReporter -->
<testsuite hostname="DESKTOP-5QEKCKI" ignored="0" name="Default test" tests="4" failures="0" timestamp="2020-01-07T11:21:48 EST" time="40.427" errors="0">
  <testcase name="UsernameAndPasswordTest" time="3.501" classname="Facebook.Login"/>
  <testcase name="verrifyErrorTest" time="3.38" classname="Facebook.Login"/>
  <testcase name="verifyTest" time="0.021" classname="Facebook.Login"/>
  <testcase name="verifyImagetest" time="0.152" classname="Facebook.Login"/>
</testsuite> <!-- Default test -->
