<?xml version="1.0" encoding="UTF-8"?>
<!-- Generated by org.testng.reporters.JUnitXMLReporter -->
<testsuite hostname="DESKTOP-5QEKCKI" ignored="0" name="loginTest" tests="3" failures="0" timestamp="15 Feb 2020 19:20:06 GMT" time="23.374" errors="0">
  <testcase name="HomePage" time="5.176" classname="Qaclickacademy_test.HomePage"/>
  <testcase name="HomePage" time="3.887" classname="Qaclickacademy_test.HomePage"/>
  <testcase name="HomePage" time="4.448" classname="Qaclickacademy_test.HomePage"/>
</testsuite> <!-- loginTest -->
