<?xml version="1.0" encoding="UTF-8"?>
<!-- Generated by org.testng.reporters.JUnitXMLReporter -->
<testsuite hostname="DESKTOP-5QEKCKI" ignored="0" name="loginTest" tests="3" failures="0" timestamp="2020-02-15T14:15:28 EST" time="21.866" errors="0">
  <testcase name="basepageNavigation" time="4.884" classname="Qaclickacademy_test.HomePage"/>
  <testcase name="basepageNavigation" time="3.661" classname="Qaclickacademy_test.HomePage"/>
  <testcase name="basepageNavigation" time="3.858" classname="Qaclickacademy_test.HomePage"/>
</testsuite> <!-- loginTest -->
