<?xml version="1.0" encoding="UTF-8"?>
<testng-results skipped="0" failed="0" ignored="1" total="4" passed="3">
  <reporter-output>
  </reporter-output>
  <suite name="Suite" duration-ms="28635" started-at="2020-01-18T13:24:44 EST" finished-at="2020-01-18T13:25:12 EST">
    <groups>
      <group name="test2">
        <method signature="Login.UsernameAndPasswordTest(java.lang.String, java.lang.String)[pri:1, instance:Facebook.Login@61f8bee4]" name="UsernameAndPasswordTest" class="Facebook.Login"/>
      </group> <!-- test2 -->
      <group name="test3">
        <method signature="Login.verifyImagetest()[pri:4, instance:Facebook.Login@61f8bee4]" name="verifyImagetest" class="Facebook.Login"/>
      </group> <!-- test3 -->
      <group name="test1">
        <method signature="Login.verifyTest()[pri:3, instance:Facebook.Login@61f8bee4]" name="verifyTest" class="Facebook.Login"/>
      </group> <!-- test1 -->
    </groups>
    <test name="Test" duration-ms="28635" started-at="2020-01-18T13:24:44 EST" finished-at="2020-01-18T13:25:12 EST">
      <class name="Facebook.Login">
        <test-method status="PASS" signature="initialize()[pri:0, instance:Facebook.Login@61f8bee4]" name="initialize" is-config="true" duration-ms="3844" started-at="2020-01-18T13:24:44 EST" finished-at="2020-01-18T13:24:47 EST">
          <reporter-output>
          </reporter-output>
        </test-method> <!-- initialize -->
        <test-method status="PASS" signature="Url()[pri:0, instance:Facebook.Login@61f8bee4]" name="Url" is-config="true" duration-ms="2677" started-at="2020-01-18T13:24:47 EST" finished-at="2020-01-18T13:24:50 EST">
          <reporter-output>
          </reporter-output>
        </test-method> <!-- Url -->
        <test-method status="PASS" signature="UsernameAndPasswordTest(java.lang.String, java.lang.String)[pri:1, instance:Facebook.Login@61f8bee4]" name="UsernameAndPasswordTest" duration-ms="3713" started-at="2020-01-18T13:24:50 EST" finished-at="2020-01-18T13:24:54 EST">
          <params>
            <param index="0">
              <value>
                <![CDATA[jishu]]>
              </value>
            </param>
            <param index="1">
              <value>
                <![CDATA[123]]>
              </value>
            </param>
          </params>
          <reporter-output>
          </reporter-output>
        </test-method> <!-- UsernameAndPasswordTest -->
        <test-method status="PASS" signature="teardown()[pri:0, instance:Facebook.Login@61f8bee4]" name="teardown" is-config="true" duration-ms="2179" started-at="2020-01-18T13:24:54 EST" finished-at="2020-01-18T13:24:56 EST">
          <reporter-output>
          </reporter-output>
        </test-method> <!-- teardown -->
        <test-method status="PASS" signature="initialize()[pri:0, instance:Facebook.Login@61f8bee4]" name="initialize" is-config="true" duration-ms="3327" started-at="2020-01-18T13:24:56 EST" finished-at="2020-01-18T13:24:59 EST">
          <reporter-output>
          </reporter-output>
        </test-method> <!-- initialize -->
        <test-method status="PASS" signature="Url()[pri:0, instance:Facebook.Login@61f8bee4]" name="Url" is-config="true" duration-ms="2738" started-at="2020-01-18T13:24:59 EST" finished-at="2020-01-18T13:25:02 EST">
          <reporter-output>
          </reporter-output>
        </test-method> <!-- Url -->
        <test-method status="PASS" signature="verifyTest()[pri:3, instance:Facebook.Login@61f8bee4]" name="verifyTest" duration-ms="25" started-at="2020-01-18T13:25:02 EST" finished-at="2020-01-18T13:25:02 EST">
          <reporter-output>
          </reporter-output>
        </test-method> <!-- verifyTest -->
        <test-method status="PASS" signature="teardown()[pri:0, instance:Facebook.Login@61f8bee4]" name="teardown" is-config="true" duration-ms="2195" started-at="2020-01-18T13:25:02 EST" finished-at="2020-01-18T13:25:04 EST">
          <reporter-output>
          </reporter-output>
        </test-method> <!-- teardown -->
        <test-method status="PASS" signature="initialize()[pri:0, instance:Facebook.Login@61f8bee4]" name="initialize" is-config="true" duration-ms="3267" started-at="2020-01-18T13:25:04 EST" finished-at="2020-01-18T13:25:08 EST">
          <reporter-output>
          </reporter-output>
        </test-method> <!-- initialize -->
        <test-method status="PASS" signature="Url()[pri:0, instance:Facebook.Login@61f8bee4]" name="Url" is-config="true" duration-ms="2357" started-at="2020-01-18T13:25:08 EST" finished-at="2020-01-18T13:25:10 EST">
          <reporter-output>
          </reporter-output>
        </test-method> <!-- Url -->
        <test-method status="PASS" signature="verifyImagetest()[pri:4, instance:Facebook.Login@61f8bee4]" name="verifyImagetest" duration-ms="77" started-at="2020-01-18T13:25:10 EST" finished-at="2020-01-18T13:25:10 EST">
          <reporter-output>
          </reporter-output>
        </test-method> <!-- verifyImagetest -->
        <test-method status="PASS" signature="teardown()[pri:0, instance:Facebook.Login@61f8bee4]" name="teardown" is-config="true" duration-ms="2196" started-at="2020-01-18T13:25:10 EST" finished-at="2020-01-18T13:25:12 EST">
          <reporter-output>
          </reporter-output>
        </test-method> <!-- teardown -->
      </class> <!-- Facebook.Login -->
    </test> <!-- Test -->
  </suite> <!-- Suite -->
</testng-results>
