<?xml version="1.0" encoding="UTF-8"?>
<testng-results skipped="0" failed="0" ignored="0" total="1" passed="1">
  <reporter-output>
  </reporter-output>
  <suite name="Default suite" duration-ms="50095" started-at="2020-01-20T13:53:05 EST" finished-at="2020-01-20T13:53:55 EST">
    <groups>
    </groups>
    <test name="Default test" duration-ms="50095" started-at="2020-01-20T13:53:05 EST" finished-at="2020-01-20T13:53:55 EST">
      <class name="Testcase.LogInApplication">
        <test-method status="PASS" signature="Login()[pri:0, instance:Testcase.LogInApplication@6c3708b3]" name="Login" duration-ms="50029" started-at="2020-01-20T13:53:05 EST" finished-at="2020-01-20T13:53:55 EST">
          <reporter-output>
          </reporter-output>
        </test-method> <!-- Login -->
      </class> <!-- Testcase.LogInApplication -->
    </test> <!-- Default test -->
  </suite> <!-- Default suite -->
</testng-results>
