<?xml version="1.0" encoding="UTF-8"?>
<testng-results skipped="0" failed="0" ignored="0" total="1" passed="1">
  <reporter-output>
  </reporter-output>
  <suite name="Default suite" duration-ms="29298" started-at="2020-03-24T11:10:05 EDT" finished-at="2020-03-24T11:10:35 EDT">
    <groups>
      <group name="cucumber">
        <method signature="AbstractTestNGCucumberTests.feature(cucumber.api.testng.CucumberFeatureWrapper)[pri:0, instance:Cucumber_Test.TestRunner@3b088d51]" name="feature" class="cucumber.api.testng.AbstractTestNGCucumberTests"/>
      </group> <!-- cucumber -->
    </groups>
    <test name="Default test" duration-ms="29298" started-at="2020-03-24T11:10:05 EDT" finished-at="2020-03-24T11:10:35 EDT">
      <class name="Cucumber_Test.TestRunner">
        <test-method status="PASS" signature="setUpClass()[pri:0, instance:Cucumber_Test.TestRunner@3b088d51]" name="setUpClass" is-config="true" duration-ms="215" started-at="2020-03-24T11:10:05 EDT" finished-at="2020-03-24T11:10:06 EDT">
          <reporter-output>
          </reporter-output>
        </test-method> <!-- setUpClass -->
        <test-method status="PASS" signature="feature(cucumber.api.testng.CucumberFeatureWrapper)[pri:0, instance:Cucumber_Test.TestRunner@3b088d51]" name="feature" duration-ms="28969" started-at="2020-03-24T11:10:06 EDT" description="Runs Cucumber Feature" data-provider="features" finished-at="2020-03-24T11:10:35 EDT">
          <params>
            <param index="0">
              <value>
                <![CDATA[QaclikAcdamy login funtionality]]>
              </value>
            </param>
          </params>
          <reporter-output>
          </reporter-output>
        </test-method> <!-- feature -->
        <test-method status="PASS" signature="tearDownClass()[pri:0, instance:Cucumber_Test.TestRunner@3b088d51]" name="tearDownClass" is-config="true" duration-ms="27" started-at="2020-03-24T11:10:35 EDT" finished-at="2020-03-24T11:10:35 EDT">
          <reporter-output>
          </reporter-output>
        </test-method> <!-- tearDownClass -->
      </class> <!-- Cucumber_Test.TestRunner -->
    </test> <!-- Default test -->
  </suite> <!-- Default suite -->
</testng-results>
